[INFO][2017-04-15 09:33:34] Training Start!
[INFO][2017-04-15 09:38:53] batch_iter 1 | num_iter 64 | loss: 2.47326, ss: 0 | accuracy 0.33, ss: 0 | time_cost(s): 319.105
[INFO][2017-04-15 09:43:26] batch_iter 2 | num_iter 128 | loss: 2.84925, ss: 1 | accuracy 0.23, ss: 1 | time_cost(s): 272.288
[INFO][2017-04-15 09:47:48] batch_iter 3 | num_iter 192 | loss: 3.05995, ss: 2 | accuracy 0.17, ss: 2 | time_cost(s): 262.154
[INFO][2017-04-15 09:52:14] batch_iter 4 | num_iter 256 | loss: 3.07903, ss: 3 | accuracy 0.18, ss: 3 | time_cost(s): 265.274
[INFO][2017-04-15 09:56:39] batch_iter 5 | num_iter 320 | loss: 2.50818, ss: 4 | accuracy 0.35, ss: 0 | time_cost(s): 264.864
[INFO][2017-04-15 10:01:01] batch_iter 6 | num_iter 384 | loss: 2.61088, ss: 5 | accuracy 0.3, ss: 1 | time_cost(s): 262.441
[INFO][2017-04-15 10:05:28] batch_iter 7 | num_iter 448 | loss: 2.8184, ss: 6 | accuracy 0.38, ss: 0 | time_cost(s): 266.178
[INFO][2017-04-15 10:09:52] batch_iter 8 | num_iter 512 | loss: 2.86101, ss: 7 | accuracy 0.25, ss: 1 | time_cost(s): 263.565
[INFO][2017-04-15 10:14:11] batch_iter 9 | num_iter 576 | loss: 2.27907, ss: 0 | accuracy 0.41, ss: 0 | time_cost(s): 258.140
[INFO][2017-04-15 10:18:32] batch_iter 10 | num_iter 640 | loss: 2.35466, ss: 1 | accuracy 0.38, ss: 1 | time_cost(s): 260.554
[INFO][2017-04-15 10:22:52] batch_iter 11 | num_iter 704 | loss: 2.5963, ss: 2 | accuracy 0.39, ss: 2 | time_cost(s): 259.489
[INFO][2017-04-15 10:27:11] batch_iter 12 | num_iter 768 | loss: 2.767, ss: 3 | accuracy 0.26, ss: 3 | time_cost(s): 259.080
[INFO][2017-04-15 10:31:33] batch_iter 13 | num_iter 832 | loss: 2.34733, ss: 4 | accuracy 0.35, ss: 4 | time_cost(s): 261.390
[INFO][2017-04-15 10:35:53] batch_iter 14 | num_iter 896 | loss: 2.65065, ss: 5 | accuracy 0.14, ss: 5 | time_cost(s): 259.713
[INFO][2017-04-15 10:40:14] batch_iter 15 | num_iter 960 | loss: 2.07717, ss: 0 | accuracy 0.51, ss: 0 | time_cost(s): 260.395
[INFO][2017-04-15 10:44:33] batch_iter 16 | num_iter 1024 | loss: 2.50984, ss: 1 | accuracy 0.38, ss: 1 | time_cost(s): 258.301
[INFO][2017-04-15 10:48:49] batch_iter 17 | num_iter 1088 | loss: 2.27348, ss: 2 | accuracy 0.35, ss: 2 | time_cost(s): 255.901
[INFO][2017-04-15 10:53:06] batch_iter 18 | num_iter 1152 | loss: 1.96989, ss: 0 | accuracy 0.46, ss: 3 | time_cost(s): 256.769
[INFO][2017-04-15 10:57:23] batch_iter 19 | num_iter 1216 | loss: 1.84377, ss: 0 | accuracy 0.5, ss: 4 | time_cost(s): 256.159
[INFO][2017-04-15 11:01:42] batch_iter 20 | num_iter 1280 | loss: 1.43674, ss: 0 | accuracy 0.54, ss: 0 | time_cost(s): 258.884
[INFO][2017-04-15 11:06:00] batch_iter 21 | num_iter 1344 | loss: 1.50218, ss: 1 | accuracy 0.65, ss: 0 | time_cost(s): 257.688
[INFO][2017-04-15 11:10:18] batch_iter 22 | num_iter 1408 | loss: 1.57012, ss: 2 | accuracy 0.54, ss: 1 | time_cost(s): 257.663
[INFO][2017-04-15 11:14:34] batch_iter 23 | num_iter 1472 | loss: 1.42577, ss: 0 | accuracy 0.63, ss: 2 | time_cost(s): 255.351
[INFO][2017-04-15 11:18:48] batch_iter 24 | num_iter 1536 | loss: 1.50573, ss: 1 | accuracy 0.46, ss: 3 | time_cost(s): 254.190
[INFO][2017-04-15 11:23:05] batch_iter 25 | num_iter 1600 | loss: 1.71995, ss: 2 | accuracy 0.5, ss: 4 | time_cost(s): 257.029
[INFO][2017-04-15 11:27:24] batch_iter 26 | num_iter 1664 | loss: 1.65557, ss: 3 | accuracy 0.47, ss: 5 | time_cost(s): 257.661
[INFO][2017-04-15 11:31:42] batch_iter 27 | num_iter 1728 | loss: 1.92695, ss: 4 | accuracy 0.47, ss: 6 | time_cost(s): 257.757
[INFO][2017-04-15 11:35:59] batch_iter 28 | num_iter 1792 | loss: 1.59413, ss: 5 | accuracy 0.51, ss: 7 | time_cost(s): 256.967
[INFO][2017-04-15 11:40:20] batch_iter 29 | num_iter 1856 | loss: 1.63404, ss: 6 | accuracy 0.57, ss: 8 | time_cost(s): 260.069
[INFO][2017-04-15 11:44:39] batch_iter 30 | num_iter 1920 | loss: 1.91436, ss: 7 | accuracy 0.42, ss: 9 | time_cost(s): 258.695
[INFO][2017-04-15 11:48:56] batch_iter 31 | num_iter 1984 | loss: 1.52949, ss: 8 | accuracy 0.53, ss: 10 | time_cost(s): 256.656
[INFO][2017-04-15 11:53:15] batch_iter 32 | num_iter 2048 | loss: 0.840275, ss: 0 | accuracy 0.78, ss: 0 | time_cost(s): 258.249
[INFO][2017-04-15 11:57:41] batch_iter 33 | num_iter 2112 | loss: 0.979201, ss: 1 | accuracy 0.74, ss: 1 | time_cost(s): 265.666
[INFO][2017-04-15 12:02:01] batch_iter 34 | num_iter 2176 | loss: 1.19613, ss: 2 | accuracy 0.67, ss: 2 | time_cost(s): 260.067
[INFO][2017-04-15 12:06:29] batch_iter 35 | num_iter 2240 | loss: 1.08935, ss: 3 | accuracy 0.67, ss: 3 | time_cost(s): 267.302
[INFO][2017-04-15 12:10:50] batch_iter 36 | num_iter 2304 | loss: 1.57458, ss: 4 | accuracy 0.51, ss: 4 | time_cost(s): 260.443
[INFO][2017-04-15 12:15:09] batch_iter 37 | num_iter 2368 | loss: 1.59469, ss: 5 | accuracy 0.48, ss: 5 | time_cost(s): 258.491
[INFO][2017-04-15 12:19:31] batch_iter 38 | num_iter 2432 | loss: 1.73314, ss: 6 | accuracy 0.55, ss: 6 | time_cost(s): 261.604
[INFO][2017-04-15 12:23:51] batch_iter 39 | num_iter 2496 | loss: 1.03215, ss: 7 | accuracy 0.71, ss: 7 | time_cost(s): 260.093
[INFO][2017-04-15 12:28:12] batch_iter 40 | num_iter 2560 | loss: 1.88458, ss: 8 | accuracy 0.39, ss: 8 | time_cost(s): 260.263
[INFO][2017-04-15 12:32:31] batch_iter 41 | num_iter 2624 | loss: 1.49822, ss: 9 | accuracy 0.52, ss: 9 | time_cost(s): 258.310
[INFO][2017-04-15 12:36:48] batch_iter 42 | num_iter 2688 | loss: 1.01248, ss: 10 | accuracy 0.72, ss: 10 | time_cost(s): 257.430
[INFO][2017-04-15 12:41:11] batch_iter 43 | num_iter 2752 | loss: 1.2129, ss: 11 | accuracy 0.6, ss: 11 | time_cost(s): 262.795
[INFO][2017-04-15 12:45:31] batch_iter 44 | num_iter 2816 | loss: 1.75477, ss: 12 | accuracy 0.48, ss: 12 | time_cost(s): 258.943
[INFO][2017-04-15 12:49:52] batch_iter 45 | num_iter 2880 | loss: 1.28038, ss: 13 | accuracy 0.68, ss: 13 | time_cost(s): 261.051
[INFO][2017-04-15 12:54:13] batch_iter 46 | num_iter 2944 | loss: 1.1545, ss: 14 | accuracy 0.63, ss: 14 | time_cost(s): 260.093
[INFO][2017-04-15 12:58:38] batch_iter 47 | num_iter 3008 | loss: 0.982471, ss: 15 | accuracy 0.63, ss: 15 | time_cost(s): 264.583
[INFO][2017-04-15 13:02:59] batch_iter 48 | num_iter 3072 | loss: 1.43644, ss: 16 | accuracy 0.72, ss: 16 | time_cost(s): 261.121
[INFO][2017-04-15 13:07:20] batch_iter 49 | num_iter 3136 | loss: 0.982794, ss: 17 | accuracy 0.71, ss: 17 | time_cost(s): 260.336
[INFO][2017-04-15 13:11:40] batch_iter 50 | num_iter 3200 | loss: 1.28869, ss: 18 | accuracy 0.62, ss: 18 | time_cost(s): 260.267
[INFO][2017-04-15 13:16:00] batch_iter 51 | num_iter 3264 | loss: 0.915305, ss: 19 | accuracy 0.73, ss: 19 | time_cost(s): 259.299
[INFO][2017-04-15 13:20:22] batch_iter 52 | num_iter 3328 | loss: 1.1412, ss: 20 | accuracy 0.7, ss: 20 | time_cost(s): 261.241
[INFO][2017-04-15 13:25:04] batch_iter 53 | num_iter 3392 | loss: 1.52449, ss: 21 | accuracy 0.51, ss: 21 | time_cost(s): 281.510
[INFO][2017-04-15 13:29:34] batch_iter 54 | num_iter 3456 | loss: 1.41398, ss: 22 | accuracy 0.5, ss: 22 | time_cost(s): 269.341
[INFO][2017-04-15 13:34:11] batch_iter 55 | num_iter 3520 | loss: 1.15005, ss: 23 | accuracy 0.68, ss: 23 | time_cost(s): 274.961
[INFO][2017-04-15 13:39:07] batch_iter 56 | num_iter 3584 | loss: 1.20169, ss: 24 | accuracy 0.63, ss: 24 | time_cost(s): 296.478
[INFO][2017-04-15 13:43:39] batch_iter 57 | num_iter 3648 | loss: 1.43846, ss: 25 | accuracy 0.61, ss: 25 | time_cost(s): 270.169
[INFO][2017-04-15 13:48:03] batch_iter 58 | num_iter 3712 | loss: 1.13356, ss: 26 | accuracy 0.65, ss: 26 | time_cost(s): 264.031
[INFO][2017-04-15 13:52:26] batch_iter 59 | num_iter 3776 | loss: 1.38238, ss: 27 | accuracy 0.57, ss: 27 | time_cost(s): 263.008
[INFO][2017-04-15 13:56:51] batch_iter 60 | num_iter 3840 | loss: 1.26528, ss: 28 | accuracy 0.6, ss: 28 | time_cost(s): 264.553
[INFO][2017-04-15 14:01:16] batch_iter 61 | num_iter 3904 | loss: 1.25225, ss: 29 | accuracy 0.65, ss: 29 | time_cost(s): 263.520
[INFO][2017-04-15 14:05:39] batch_iter 62 | num_iter 3968 | loss: 0.750104, ss: 0 | accuracy 0.79, ss: 0 | time_cost(s): 263.888
[INFO][2017-04-15 14:10:02] batch_iter 63 | num_iter 4032 | loss: 1.95638, ss: 1 | accuracy 0.39, ss: 1 | time_cost(s): 262.345
[INFO][2017-04-15 14:14:24] batch_iter 64 | num_iter 4096 | loss: 1.58235, ss: 2 | accuracy 0.49, ss: 2 | time_cost(s): 261.533
[INFO][2017-04-15 14:18:46] batch_iter 65 | num_iter 4160 | loss: 1.31608, ss: 3 | accuracy 0.64, ss: 3 | time_cost(s): 261.531
[INFO][2017-04-15 14:23:10] batch_iter 66 | num_iter 4224 | loss: 0.918289, ss: 4 | accuracy 0.67, ss: 4 | time_cost(s): 263.152
[INFO][2017-04-15 14:27:31] batch_iter 67 | num_iter 4288 | loss: 0.859249, ss: 5 | accuracy 0.74, ss: 5 | time_cost(s): 261.149
[INFO][2017-04-15 14:31:54] batch_iter 68 | num_iter 4352 | loss: 1.46419, ss: 6 | accuracy 0.62, ss: 6 | time_cost(s): 262.688
[INFO][2017-04-15 14:36:17] batch_iter 69 | num_iter 4416 | loss: 1.10133, ss: 7 | accuracy 0.64, ss: 7 | time_cost(s): 261.917
[INFO][2017-04-15 14:40:38] batch_iter 70 | num_iter 4480 | loss: 1.1614, ss: 8 | accuracy 0.62, ss: 8 | time_cost(s): 261.414
[INFO][2017-04-15 14:45:01] batch_iter 71 | num_iter 4544 | loss: 1.25817, ss: 9 | accuracy 0.58, ss: 9 | time_cost(s): 261.621
[INFO][2017-04-15 14:49:22] batch_iter 72 | num_iter 4608 | loss: 1.30673, ss: 10 | accuracy 0.56, ss: 10 | time_cost(s): 260.912
[INFO][2017-04-15 14:53:43] batch_iter 73 | num_iter 4672 | loss: 1.32587, ss: 11 | accuracy 0.58, ss: 11 | time_cost(s): 261.066
[INFO][2017-04-15 14:58:04] batch_iter 74 | num_iter 4736 | loss: 0.792497, ss: 12 | accuracy 0.8, ss: 0 | time_cost(s): 260.093
[INFO][2017-04-15 15:02:26] batch_iter 75 | num_iter 4800 | loss: 1.33714, ss: 13 | accuracy 0.54, ss: 1 | time_cost(s): 262.183
[INFO][2017-04-15 15:06:48] batch_iter 76 | num_iter 4864 | loss: 1.05499, ss: 14 | accuracy 0.68, ss: 2 | time_cost(s): 261.119
[INFO][2017-04-15 15:11:09] batch_iter 77 | num_iter 4928 | loss: 1.53073, ss: 15 | accuracy 0.55, ss: 3 | time_cost(s): 261.174
[INFO][2017-04-15 15:15:32] batch_iter 78 | num_iter 4992 | loss: 1.48294, ss: 16 | accuracy 0.56, ss: 4 | time_cost(s): 262.295
[INFO][2017-04-15 15:19:53] batch_iter 79 | num_iter 5056 | loss: 0.8508, ss: 17 | accuracy 0.69, ss: 5 | time_cost(s): 260.414
[INFO][2017-04-15 15:24:13] batch_iter 80 | num_iter 5120 | loss: 0.936123, ss: 18 | accuracy 0.73, ss: 6 | time_cost(s): 260.018
[INFO][2017-04-15 15:28:36] batch_iter 81 | num_iter 5184 | loss: 1.56818, ss: 19 | accuracy 0.49, ss: 7 | time_cost(s): 262.522
[INFO][2017-04-15 15:32:57] batch_iter 82 | num_iter 5248 | loss: 0.988242, ss: 20 | accuracy 0.71, ss: 8 | time_cost(s): 260.241
[INFO][2017-04-15 15:37:20] batch_iter 83 | num_iter 5312 | loss: 0.80414, ss: 21 | accuracy 0.71, ss: 9 | time_cost(s): 262.256
[INFO][2017-04-15 15:41:39] batch_iter 84 | num_iter 5376 | loss: 0.932588, ss: 22 | accuracy 0.76, ss: 10 | time_cost(s): 259.386
[INFO][2017-04-15 15:46:00] batch_iter 85 | num_iter 5440 | loss: 0.973202, ss: 23 | accuracy 0.73, ss: 11 | time_cost(s): 260.105
[INFO][2017-04-15 15:50:19] batch_iter 86 | num_iter 5504 | loss: 0.970054, ss: 24 | accuracy 0.67, ss: 12 | time_cost(s): 258.866
[INFO][2017-04-15 15:54:39] batch_iter 87 | num_iter 5568 | loss: 1.1532, ss: 25 | accuracy 0.61, ss: 13 | time_cost(s): 259.635
[INFO][2017-04-15 15:58:59] batch_iter 88 | num_iter 5632 | loss: 0.860903, ss: 26 | accuracy 0.76, ss: 14 | time_cost(s): 259.059
[INFO][2017-04-15 16:03:18] batch_iter 89 | num_iter 5696 | loss: 1.23316, ss: 27 | accuracy 0.61, ss: 15 | time_cost(s): 259.704
[INFO][2017-04-15 16:07:41] batch_iter 90 | num_iter 5760 | loss: 0.995126, ss: 28 | accuracy 0.61, ss: 16 | time_cost(s): 261.691
[INFO][2017-04-15 16:12:03] batch_iter 91 | num_iter 5824 | loss: 1.45793, ss: 29 | accuracy 0.51, ss: 17 | time_cost(s): 261.677
[INFO][2017-04-15 16:16:25] batch_iter 92 | num_iter 5888 | loss: 0.77382, ss: 30 | accuracy 0.76, ss: 18 | time_cost(s): 262.209
[INFO][2017-04-15 16:20:47] batch_iter 93 | num_iter 5952 | loss: 0.93795, ss: 31 | accuracy 0.73, ss: 19 | time_cost(s): 260.980
[INFO][2017-04-15 16:25:08] batch_iter 94 | num_iter 6016 | loss: 0.635466, ss: 0 | accuracy 0.78, ss: 20 | time_cost(s): 260.279
[INFO][2017-04-15 16:29:29] batch_iter 95 | num_iter 6080 | loss: 1.29064, ss: 1 | accuracy 0.58, ss: 21 | time_cost(s): 261.900
[INFO][2017-04-15 16:33:53] batch_iter 96 | num_iter 6144 | loss: 1.12332, ss: 2 | accuracy 0.56, ss: 22 | time_cost(s): 262.512
[INFO][2017-04-15 16:38:15] batch_iter 97 | num_iter 6208 | loss: 0.989789, ss: 3 | accuracy 0.7, ss: 23 | time_cost(s): 262.197
[INFO][2017-04-15 16:42:36] batch_iter 98 | num_iter 6272 | loss: 0.899355, ss: 4 | accuracy 0.7, ss: 24 | time_cost(s): 261.086
[INFO][2017-04-15 16:46:59] batch_iter 99 | num_iter 6336 | loss: 1.56719, ss: 5 | accuracy 0.56, ss: 25 | time_cost(s): 262.291
[INFO][2017-04-15 16:51:21] batch_iter 100 | num_iter 6400 | loss: 0.932251, ss: 6 | accuracy 0.74, ss: 26 | time_cost(s): 261.993
[INFO][2017-04-15 16:55:45] batch_iter 101 | num_iter 6464 | loss: 0.986485, ss: 7 | accuracy 0.69, ss: 27 | time_cost(s): 262.589
[INFO][2017-04-15 17:00:08] batch_iter 102 | num_iter 6528 | loss: 0.837363, ss: 8 | accuracy 0.67, ss: 28 | time_cost(s): 262.900
[INFO][2017-04-15 17:04:29] batch_iter 103 | num_iter 6592 | loss: 0.886512, ss: 9 | accuracy 0.74, ss: 29 | time_cost(s): 261.349
[INFO][2017-04-15 17:08:51] batch_iter 104 | num_iter 6656 | loss: 1.22661, ss: 10 | accuracy 0.7, ss: 30 | time_cost(s): 261.515
[INFO][2017-04-15 17:13:14] batch_iter 105 | num_iter 6720 | loss: 0.646368, ss: 11 | accuracy 0.81, ss: 0 | time_cost(s): 261.636
[INFO][2017-04-15 17:17:33] batch_iter 106 | num_iter 6784 | loss: 0.700218, ss: 12 | accuracy 0.78, ss: 1 | time_cost(s): 259.655
[INFO][2017-04-15 17:21:53] batch_iter 107 | num_iter 6848 | loss: 0.696035, ss: 13 | accuracy 0.8, ss: 2 | time_cost(s): 259.463
[INFO][2017-04-15 17:26:13] batch_iter 108 | num_iter 6912 | loss: 0.95572, ss: 14 | accuracy 0.74, ss: 3 | time_cost(s): 259.375
[INFO][2017-04-15 17:30:33] batch_iter 109 | num_iter 6976 | loss: 0.938458, ss: 15 | accuracy 0.75, ss: 4 | time_cost(s): 259.640
[INFO][2017-04-15 17:34:56] batch_iter 110 | num_iter 7040 | loss: 0.956263, ss: 16 | accuracy 0.75, ss: 5 | time_cost(s): 262.598
[INFO][2017-04-15 17:39:17] batch_iter 111 | num_iter 7104 | loss: 1.46519, ss: 17 | accuracy 0.55, ss: 6 | time_cost(s): 260.266
[INFO][2017-04-15 17:43:38] batch_iter 112 | num_iter 7168 | loss: 0.953197, ss: 18 | accuracy 0.76, ss: 7 | time_cost(s): 260.568
[INFO][2017-04-15 17:47:59] batch_iter 113 | num_iter 7232 | loss: 1.14763, ss: 19 | accuracy 0.64, ss: 8 | time_cost(s): 260.348
[INFO][2017-04-15 17:52:21] batch_iter 114 | num_iter 7296 | loss: 0.90399, ss: 20 | accuracy 0.77, ss: 9 | time_cost(s): 261.981
[INFO][2017-04-15 17:56:41] batch_iter 115 | num_iter 7360 | loss: 0.576764, ss: 0 | accuracy 0.79, ss: 10 | time_cost(s): 259.917
[INFO][2017-04-15 18:01:02] batch_iter 116 | num_iter 7424 | loss: 0.738839, ss: 1 | accuracy 0.84, ss: 0 | time_cost(s): 260.155
[INFO][2017-04-15 18:05:22] batch_iter 117 | num_iter 7488 | loss: 0.681486, ss: 2 | accuracy 0.8, ss: 1 | time_cost(s): 259.832
[INFO][2017-04-15 18:09:43] batch_iter 118 | num_iter 7552 | loss: 0.544321, ss: 0 | accuracy 0.89, ss: 0 | time_cost(s): 260.752
[INFO][2017-04-15 18:14:05] batch_iter 119 | num_iter 7616 | loss: 1.20744, ss: 1 | accuracy 0.77, ss: 1 | time_cost(s): 261.012
[INFO][2017-04-15 18:18:27] batch_iter 120 | num_iter 7680 | loss: 0.674154, ss: 2 | accuracy 0.74, ss: 2 | time_cost(s): 262.186
[INFO][2017-04-15 18:22:49] batch_iter 121 | num_iter 7744 | loss: 1.28929, ss: 3 | accuracy 0.7, ss: 3 | time_cost(s): 261.134
[INFO][2017-04-15 18:27:12] batch_iter 122 | num_iter 7808 | loss: 1.60115, ss: 4 | accuracy 0.62, ss: 4 | time_cost(s): 262.559
[INFO][2017-04-15 18:31:33] batch_iter 123 | num_iter 7872 | loss: 0.811828, ss: 5 | accuracy 0.78, ss: 5 | time_cost(s): 261.146
[INFO][2017-04-15 18:35:55] batch_iter 124 | num_iter 7936 | loss: 1.03087, ss: 6 | accuracy 0.57, ss: 6 | time_cost(s): 261.180
[INFO][2017-04-15 18:40:15] batch_iter 125 | num_iter 8000 | loss: 1.31637, ss: 7 | accuracy 0.61, ss: 7 | time_cost(s): 260.207
[INFO][2017-04-15 18:44:35] batch_iter 126 | num_iter 8064 | loss: 0.614413, ss: 8 | accuracy 0.82, ss: 8 | time_cost(s): 259.817
[INFO][2017-04-15 18:48:57] batch_iter 127 | num_iter 8128 | loss: 0.959207, ss: 9 | accuracy 0.69, ss: 9 | time_cost(s): 261.342
[INFO][2017-04-15 18:53:19] batch_iter 128 | num_iter 8192 | loss: 0.406007, ss: 0 | accuracy 0.91, ss: 0 | time_cost(s): 261.157
[INFO][2017-04-15 18:57:42] batch_iter 129 | num_iter 8256 | loss: 0.356959, ss: 0 | accuracy 0.9, ss: 1 | time_cost(s): 262.404
[INFO][2017-04-15 19:02:04] batch_iter 130 | num_iter 8320 | loss: 1.09649, ss: 1 | accuracy 0.7, ss: 2 | time_cost(s): 261.574
[INFO][2017-04-15 19:06:25] batch_iter 131 | num_iter 8384 | loss: 0.535606, ss: 2 | accuracy 0.82, ss: 3 | time_cost(s): 260.861
[INFO][2017-04-15 19:10:46] batch_iter 132 | num_iter 8448 | loss: 0.805754, ss: 3 | accuracy 0.75, ss: 4 | time_cost(s): 261.197
[INFO][2017-04-15 19:15:09] batch_iter 133 | num_iter 8512 | loss: 0.774398, ss: 4 | accuracy 0.71, ss: 5 | time_cost(s): 261.761
[INFO][2017-04-15 19:19:28] batch_iter 134 | num_iter 8576 | loss: 1.19344, ss: 5 | accuracy 0.6, ss: 6 | time_cost(s): 259.310
[INFO][2017-04-15 19:23:48] batch_iter 135 | num_iter 8640 | loss: 0.486487, ss: 6 | accuracy 0.86, ss: 7 | time_cost(s): 259.333
[INFO][2017-04-15 19:28:09] batch_iter 136 | num_iter 8704 | loss: 0.598171, ss: 7 | accuracy 0.84, ss: 8 | time_cost(s): 260.475
[INFO][2017-04-15 19:32:31] batch_iter 137 | num_iter 8768 | loss: 0.939085, ss: 8 | accuracy 0.66, ss: 9 | time_cost(s): 261.689
[INFO][2017-04-15 19:36:51] batch_iter 138 | num_iter 8832 | loss: 0.765113, ss: 9 | accuracy 0.76, ss: 10 | time_cost(s): 259.897
[INFO][2017-04-15 19:41:11] batch_iter 139 | num_iter 8896 | loss: 0.661313, ss: 10 | accuracy 0.78, ss: 11 | time_cost(s): 260.252
[INFO][2017-04-15 19:45:33] batch_iter 140 | num_iter 8960 | loss: 1.1978, ss: 11 | accuracy 0.67, ss: 12 | time_cost(s): 261.103
[INFO][2017-04-15 19:49:55] batch_iter 141 | num_iter 9024 | loss: 0.788048, ss: 12 | accuracy 0.75, ss: 13 | time_cost(s): 260.861
[INFO][2017-04-15 19:54:15] batch_iter 142 | num_iter 9088 | loss: 0.966931, ss: 13 | accuracy 0.73, ss: 14 | time_cost(s): 260.242
[INFO][2017-04-15 19:58:34] batch_iter 143 | num_iter 9152 | loss: 0.691581, ss: 14 | accuracy 0.83, ss: 15 | time_cost(s): 258.960
[INFO][2017-04-15 20:02:54] batch_iter 144 | num_iter 9216 | loss: 0.640085, ss: 15 | accuracy 0.79, ss: 16 | time_cost(s): 259.239
[INFO][2017-04-15 20:07:13] batch_iter 145 | num_iter 9280 | loss: 0.494335, ss: 16 | accuracy 0.84, ss: 17 | time_cost(s): 259.064
[INFO][2017-04-15 20:11:33] batch_iter 146 | num_iter 9344 | loss: 0.817215, ss: 17 | accuracy 0.73, ss: 18 | time_cost(s): 258.595
[INFO][2017-04-15 20:15:52] batch_iter 147 | num_iter 9408 | loss: 1.00088, ss: 18 | accuracy 0.66, ss: 19 | time_cost(s): 259.218
[INFO][2017-04-15 20:20:14] batch_iter 148 | num_iter 9472 | loss: 0.618771, ss: 19 | accuracy 0.81, ss: 20 | time_cost(s): 262.051
[INFO][2017-04-15 20:24:37] batch_iter 149 | num_iter 9536 | loss: 0.503429, ss: 20 | accuracy 0.86, ss: 21 | time_cost(s): 261.924
[INFO][2017-04-15 20:28:58] batch_iter 150 | num_iter 9600 | loss: 0.656829, ss: 21 | accuracy 0.77, ss: 22 | time_cost(s): 260.578
[INFO][2017-04-15 20:33:20] batch_iter 151 | num_iter 9664 | loss: 0.677399, ss: 22 | accuracy 0.77, ss: 23 | time_cost(s): 261.735
[INFO][2017-04-15 20:37:43] batch_iter 152 | num_iter 9728 | loss: 0.773149, ss: 23 | accuracy 0.75, ss: 24 | time_cost(s): 262.593
[INFO][2017-04-15 20:42:05] batch_iter 153 | num_iter 9792 | loss: 0.779045, ss: 24 | accuracy 0.74, ss: 25 | time_cost(s): 261.725
[INFO][2017-04-15 20:46:28] batch_iter 154 | num_iter 9856 | loss: 0.719818, ss: 25 | accuracy 0.79, ss: 26 | time_cost(s): 262.598
[INFO][2017-04-15 20:50:49] batch_iter 155 | num_iter 9920 | loss: 0.399177, ss: 26 | accuracy 0.87, ss: 27 | time_cost(s): 260.721
[INFO][2017-04-15 20:55:09] batch_iter 156 | num_iter 9984 | loss: 0.724736, ss: 27 | accuracy 0.77, ss: 28 | time_cost(s): 259.810
[INFO][2017-04-15 20:59:29] batch_iter 157 | num_iter 10048 | loss: 0.571463, ss: 28 | accuracy 0.84, ss: 29 | time_cost(s): 258.970
[INFO][2017-04-15 21:03:49] batch_iter 158 | num_iter 10112 | loss: 0.646271, ss: 29 | accuracy 0.79, ss: 30 | time_cost(s): 259.622
[INFO][2017-04-15 21:08:09] batch_iter 159 | num_iter 10176 | loss: 0.718927, ss: 30 | accuracy 0.77, ss: 31 | time_cost(s): 260.504
[INFO][2017-04-15 21:12:31] batch_iter 160 | num_iter 10240 | loss: 0.551674, ss: 31 | accuracy 0.85, ss: 32 | time_cost(s): 260.591
[INFO][2017-04-15 21:16:52] batch_iter 161 | num_iter 10304 | loss: 0.395864, ss: 32 | accuracy 0.87, ss: 33 | time_cost(s): 260.604
[INFO][2017-04-15 21:21:13] batch_iter 162 | num_iter 10368 | loss: 0.948973, ss: 33 | accuracy 0.76, ss: 34 | time_cost(s): 261.408
[INFO][2017-04-15 21:25:35] batch_iter 163 | num_iter 10432 | loss: 0.354278, ss: 0 | accuracy 0.89, ss: 35 | time_cost(s): 261.198
[INFO][2017-04-15 21:29:57] batch_iter 164 | num_iter 10496 | loss: 0.764209, ss: 1 | accuracy 0.76, ss: 36 | time_cost(s): 261.996
[INFO][2017-04-15 21:34:20] batch_iter 165 | num_iter 10560 | loss: 0.552575, ss: 2 | accuracy 0.87, ss: 37 | time_cost(s): 261.786
[INFO][2017-04-15 21:38:41] batch_iter 166 | num_iter 10624 | loss: 0.644531, ss: 3 | accuracy 0.76, ss: 38 | time_cost(s): 261.076
[INFO][2017-04-15 21:43:01] batch_iter 167 | num_iter 10688 | loss: 0.477739, ss: 4 | accuracy 0.87, ss: 39 | time_cost(s): 260.225
[INFO][2017-04-15 21:47:24] batch_iter 168 | num_iter 10752 | loss: 0.651189, ss: 5 | accuracy 0.79, ss: 40 | time_cost(s): 261.503
[INFO][2017-04-15 21:51:46] batch_iter 169 | num_iter 10816 | loss: 1.08091, ss: 6 | accuracy 0.73, ss: 41 | time_cost(s): 262.153
[INFO][2017-04-15 21:56:07] batch_iter 170 | num_iter 10880 | loss: 0.7462, ss: 7 | accuracy 0.8, ss: 42 | time_cost(s): 260.913
[INFO][2017-04-15 22:00:28] batch_iter 171 | num_iter 10944 | loss: 0.833086, ss: 8 | accuracy 0.76, ss: 43 | time_cost(s): 260.622
[INFO][2017-04-15 22:04:50] batch_iter 172 | num_iter 11008 | loss: 0.364538, ss: 9 | accuracy 0.89, ss: 44 | time_cost(s): 261.180
[INFO][2017-04-15 22:09:11] batch_iter 173 | num_iter 11072 | loss: 0.72501, ss: 10 | accuracy 0.75, ss: 45 | time_cost(s): 260.507
[INFO][2017-04-15 22:13:32] batch_iter 174 | num_iter 11136 | loss: 0.360109, ss: 11 | accuracy 0.91, ss: 46 | time_cost(s): 260.674
[INFO][2017-04-15 22:17:53] batch_iter 175 | num_iter 11200 | loss: 0.968755, ss: 12 | accuracy 0.74, ss: 47 | time_cost(s): 261.183
[INFO][2017-04-15 22:22:15] batch_iter 176 | num_iter 11264 | loss: 0.446554, ss: 13 | accuracy 0.89, ss: 48 | time_cost(s): 261.055
[INFO][2017-04-15 22:26:36] batch_iter 177 | num_iter 11328 | loss: 0.828377, ss: 14 | accuracy 0.77, ss: 49 | time_cost(s): 261.003
[INFO][2017-04-15 22:30:57] batch_iter 178 | num_iter 11392 | loss: 0.622904, ss: 15 | accuracy 0.82, ss: 50 | time_cost(s): 260.778
[INFO][2017-04-15 22:35:17] batch_iter 179 | num_iter 11456 | loss: 0.539934, ss: 16 | accuracy 0.86, ss: 51 | time_cost(s): 259.354
[INFO][2017-04-15 22:39:39] batch_iter 180 | num_iter 11520 | loss: 0.580026, ss: 17 | accuracy 0.84, ss: 52 | time_cost(s): 260.706
[INFO][2017-04-15 22:43:59] batch_iter 181 | num_iter 11584 | loss: 0.288269, ss: 0 | accuracy 0.95, ss: 0 | time_cost(s): 260.680
[INFO][2017-04-15 22:48:21] batch_iter 182 | num_iter 11648 | loss: 0.426477, ss: 1 | accuracy 0.85, ss: 1 | time_cost(s): 260.890
[INFO][2017-04-15 22:52:40] batch_iter 183 | num_iter 11712 | loss: 0.330793, ss: 2 | accuracy 0.91, ss: 2 | time_cost(s): 259.133
[INFO][2017-04-15 22:57:02] batch_iter 184 | num_iter 11776 | loss: 0.248038, ss: 0 | accuracy 0.92, ss: 3 | time_cost(s): 261.559
[INFO][2017-04-15 23:01:23] batch_iter 185 | num_iter 11840 | loss: 0.894701, ss: 1 | accuracy 0.72, ss: 4 | time_cost(s): 260.062
[INFO][2017-04-15 23:05:43] batch_iter 186 | num_iter 11904 | loss: 0.528755, ss: 2 | accuracy 0.86, ss: 5 | time_cost(s): 260.069
[INFO][2017-04-15 23:10:04] batch_iter 187 | num_iter 11968 | loss: 0.688752, ss: 3 | accuracy 0.77, ss: 6 | time_cost(s): 260.572
[INFO][2017-04-15 23:14:24] batch_iter 188 | num_iter 12032 | loss: 0.202236, ss: 0 | accuracy 0.94, ss: 7 | time_cost(s): 259.605
[INFO][2017-04-15 23:18:44] batch_iter 189 | num_iter 12096 | loss: 0.256571, ss: 1 | accuracy 0.94, ss: 8 | time_cost(s): 259.422
[INFO][2017-04-15 23:23:04] batch_iter 190 | num_iter 12160 | loss: 0.394702, ss: 2 | accuracy 0.9, ss: 9 | time_cost(s): 260.230
[INFO][2017-04-15 23:27:25] batch_iter 191 | num_iter 12224 | loss: 0.354036, ss: 3 | accuracy 0.89, ss: 10 | time_cost(s): 260.545
[INFO][2017-04-15 23:31:46] batch_iter 192 | num_iter 12288 | loss: 0.363266, ss: 4 | accuracy 0.88, ss: 11 | time_cost(s): 260.890
[INFO][2017-04-15 23:36:08] batch_iter 193 | num_iter 12352 | loss: 0.462778, ss: 5 | accuracy 0.85, ss: 12 | time_cost(s): 260.591
[INFO][2017-04-15 23:40:29] batch_iter 194 | num_iter 12416 | loss: 0.402419, ss: 6 | accuracy 0.91, ss: 13 | time_cost(s): 260.662
[INFO][2017-04-15 23:44:50] batch_iter 195 | num_iter 12480 | loss: 0.484202, ss: 7 | accuracy 0.88, ss: 14 | time_cost(s): 260.880
[INFO][2017-04-15 23:49:11] batch_iter 196 | num_iter 12544 | loss: 0.339047, ss: 8 | accuracy 0.87, ss: 15 | time_cost(s): 260.576
[INFO][2017-04-15 23:53:33] batch_iter 197 | num_iter 12608 | loss: 0.479273, ss: 9 | accuracy 0.83, ss: 16 | time_cost(s): 261.428
[INFO][2017-04-15 23:57:52] batch_iter 198 | num_iter 12672 | loss: 0.224998, ss: 10 | accuracy 0.91, ss: 17 | time_cost(s): 259.201
[INFO][2017-04-16 00:02:12] batch_iter 199 | num_iter 12736 | loss: 0.455061, ss: 11 | accuracy 0.85, ss: 18 | time_cost(s): 259.288
[INFO][2017-04-16 00:06:32] batch_iter 200 | num_iter 12800 | loss: 0.57187, ss: 12 | accuracy 0.83, ss: 19 | time_cost(s): 259.705
[INFO][2017-04-16 00:10:53] batch_iter 201 | num_iter 12864 | loss: 0.307803, ss: 13 | accuracy 0.91, ss: 20 | time_cost(s): 260.537
[INFO][2017-04-16 00:15:15] batch_iter 202 | num_iter 12928 | loss: 0.348219, ss: 14 | accuracy 0.87, ss: 21 | time_cost(s): 261.426
[INFO][2017-04-16 00:19:36] batch_iter 203 | num_iter 12992 | loss: 0.429374, ss: 15 | accuracy 0.87, ss: 22 | time_cost(s): 260.694
[INFO][2017-04-16 00:23:57] batch_iter 204 | num_iter 13056 | loss: 0.220099, ss: 16 | accuracy 0.92, ss: 23 | time_cost(s): 261.235
[INFO][2017-04-16 00:28:20] batch_iter 205 | num_iter 13120 | loss: 0.541694, ss: 17 | accuracy 0.89, ss: 24 | time_cost(s): 261.532
[INFO][2017-04-16 00:32:41] batch_iter 206 | num_iter 13184 | loss: 0.321469, ss: 18 | accuracy 0.91, ss: 25 | time_cost(s): 261.422
[INFO][2017-04-16 00:37:02] batch_iter 207 | num_iter 13248 | loss: 0.441034, ss: 19 | accuracy 0.86, ss: 26 | time_cost(s): 260.059
[INFO][2017-04-16 00:41:22] batch_iter 208 | num_iter 13312 | loss: 0.348515, ss: 20 | accuracy 0.87, ss: 27 | time_cost(s): 259.497
[INFO][2017-04-16 00:45:41] batch_iter 209 | num_iter 13376 | loss: 0.248844, ss: 21 | accuracy 0.94, ss: 28 | time_cost(s): 259.429
[INFO][2017-04-16 00:50:01] batch_iter 210 | num_iter 13440 | loss: 0.355562, ss: 22 | accuracy 0.89, ss: 29 | time_cost(s): 259.356
[INFO][2017-04-16 00:54:23] batch_iter 211 | num_iter 13504 | loss: 0.168084, ss: 0 | accuracy 0.96, ss: 0 | time_cost(s): 261.330
[INFO][2017-04-16 00:58:44] batch_iter 212 | num_iter 13568 | loss: 0.366889, ss: 1 | accuracy 0.87, ss: 1 | time_cost(s): 260.804
[INFO][2017-04-16 01:03:06] batch_iter 213 | num_iter 13632 | loss: 0.390535, ss: 2 | accuracy 0.9, ss: 2 | time_cost(s): 261.590
[INFO][2017-04-16 01:07:27] batch_iter 214 | num_iter 13696 | loss: 0.584352, ss: 3 | accuracy 0.86, ss: 3 | time_cost(s): 261.386
[INFO][2017-04-16 01:11:48] batch_iter 215 | num_iter 13760 | loss: 0.231942, ss: 4 | accuracy 0.92, ss: 4 | time_cost(s): 260.058
[INFO][2017-04-16 01:16:09] batch_iter 216 | num_iter 13824 | loss: 0.495865, ss: 5 | accuracy 0.86, ss: 5 | time_cost(s): 259.894
[INFO][2017-04-16 01:20:29] batch_iter 217 | num_iter 13888 | loss: 0.357723, ss: 6 | accuracy 0.89, ss: 6 | time_cost(s): 260.812
[INFO][2017-04-16 01:24:50] batch_iter 218 | num_iter 13952 | loss: 0.850951, ss: 7 | accuracy 0.77, ss: 7 | time_cost(s): 260.338
[INFO][2017-04-16 01:29:12] batch_iter 219 | num_iter 14016 | loss: 0.24137, ss: 8 | accuracy 0.92, ss: 8 | time_cost(s): 260.609
[INFO][2017-04-16 01:33:33] batch_iter 220 | num_iter 14080 | loss: 0.375341, ss: 9 | accuracy 0.91, ss: 9 | time_cost(s): 261.411
[INFO][2017-04-16 01:37:54] batch_iter 221 | num_iter 14144 | loss: 0.314085, ss: 10 | accuracy 0.92, ss: 10 | time_cost(s): 260.532
[INFO][2017-04-16 01:42:15] batch_iter 222 | num_iter 14208 | loss: 0.180382, ss: 11 | accuracy 0.97, ss: 0 | time_cost(s): 260.220
[INFO][2017-04-16 01:46:36] batch_iter 223 | num_iter 14272 | loss: 0.473716, ss: 12 | accuracy 0.84, ss: 1 | time_cost(s): 260.707
[INFO][2017-04-16 01:50:56] batch_iter 224 | num_iter 14336 | loss: 0.604404, ss: 13 | accuracy 0.85, ss: 2 | time_cost(s): 259.782
[INFO][2017-04-16 01:55:14] batch_iter 225 | num_iter 14400 | loss: 0.337258, ss: 14 | accuracy 0.87, ss: 3 | time_cost(s): 258.209
[INFO][2017-04-16 01:59:34] batch_iter 226 | num_iter 14464 | loss: 0.292072, ss: 15 | accuracy 0.96, ss: 4 | time_cost(s): 258.943
[INFO][2017-04-16 02:03:53] batch_iter 227 | num_iter 14528 | loss: 0.264636, ss: 16 | accuracy 0.96, ss: 5 | time_cost(s): 258.369
[INFO][2017-04-16 02:08:12] batch_iter 228 | num_iter 14592 | loss: 0.163744, ss: 0 | accuracy 0.98, ss: 0 | time_cost(s): 259.311
[INFO][2017-04-16 02:12:31] batch_iter 229 | num_iter 14656 | loss: 0.208829, ss: 1 | accuracy 0.96, ss: 1 | time_cost(s): 258.589
[INFO][2017-04-16 02:16:51] batch_iter 230 | num_iter 14720 | loss: 0.140367, ss: 0 | accuracy 0.96, ss: 2 | time_cost(s): 259.391
[INFO][2017-04-16 02:21:10] batch_iter 231 | num_iter 14784 | loss: 0.19363, ss: 1 | accuracy 0.94, ss: 3 | time_cost(s): 258.594
[INFO][2017-04-16 02:25:31] batch_iter 232 | num_iter 14848 | loss: 0.390162, ss: 2 | accuracy 0.9, ss: 4 | time_cost(s): 260.428
[INFO][2017-04-16 02:29:52] batch_iter 233 | num_iter 14912 | loss: 0.311686, ss: 3 | accuracy 0.9, ss: 5 | time_cost(s): 260.898
[INFO][2017-04-16 02:34:12] batch_iter 234 | num_iter 14976 | loss: 0.273804, ss: 4 | accuracy 0.88, ss: 6 | time_cost(s): 259.812
[INFO][2017-04-16 02:38:33] batch_iter 235 | num_iter 15040 | loss: 0.166027, ss: 5 | accuracy 0.94, ss: 7 | time_cost(s): 260.219
[INFO][2017-04-16 02:42:54] batch_iter 236 | num_iter 15104 | loss: 0.179082, ss: 6 | accuracy 0.94, ss: 8 | time_cost(s): 260.837
[INFO][2017-04-16 02:47:14] batch_iter 237 | num_iter 15168 | loss: 0.227384, ss: 7 | accuracy 0.94, ss: 9 | time_cost(s): 259.333
[INFO][2017-04-16 02:51:34] batch_iter 238 | num_iter 15232 | loss: 0.233366, ss: 8 | accuracy 0.92, ss: 10 | time_cost(s): 259.276
[INFO][2017-04-16 02:55:54] batch_iter 239 | num_iter 15296 | loss: 0.161391, ss: 9 | accuracy 0.97, ss: 11 | time_cost(s): 260.557
[INFO][2017-04-16 03:00:14] batch_iter 240 | num_iter 15360 | loss: 0.257443, ss: 10 | accuracy 0.91, ss: 12 | time_cost(s): 259.303
[INFO][2017-04-16 03:04:36] batch_iter 241 | num_iter 15424 | loss: 0.1607, ss: 11 | accuracy 0.95, ss: 13 | time_cost(s): 260.962
[INFO][2017-04-16 03:08:56] batch_iter 242 | num_iter 15488 | loss: 0.108171, ss: 0 | accuracy 0.95, ss: 14 | time_cost(s): 259.982
[INFO][2017-04-16 03:13:17] batch_iter 243 | num_iter 15552 | loss: 0.239493, ss: 1 | accuracy 0.92, ss: 15 | time_cost(s): 260.468
[INFO][2017-04-16 03:17:36] batch_iter 244 | num_iter 15616 | loss: 0.235226, ss: 2 | accuracy 0.93, ss: 16 | time_cost(s): 258.703
[INFO][2017-04-16 03:21:55] batch_iter 245 | num_iter 15680 | loss: 0.152077, ss: 3 | accuracy 0.92, ss: 17 | time_cost(s): 259.208
[INFO][2017-04-16 03:26:15] batch_iter 246 | num_iter 15744 | loss: 0.310615, ss: 4 | accuracy 0.91, ss: 18 | time_cost(s): 259.311
[INFO][2017-04-16 03:30:36] batch_iter 247 | num_iter 15808 | loss: 0.315309, ss: 5 | accuracy 0.9, ss: 19 | time_cost(s): 260.426
[INFO][2017-04-16 03:34:56] batch_iter 248 | num_iter 15872 | loss: 0.195403, ss: 6 | accuracy 0.96, ss: 20 | time_cost(s): 259.474
[INFO][2017-04-16 03:39:17] batch_iter 249 | num_iter 15936 | loss: 0.525804, ss: 7 | accuracy 0.82, ss: 21 | time_cost(s): 260.907
[INFO][2017-04-16 03:43:37] batch_iter 250 | num_iter 16000 | loss: 0.153839, ss: 8 | accuracy 0.96, ss: 22 | time_cost(s): 259.732
[INFO][2017-04-16 03:47:59] batch_iter 251 | num_iter 16064 | loss: 0.386683, ss: 9 | accuracy 0.89, ss: 23 | time_cost(s): 261.042
[INFO][2017-04-16 03:52:20] batch_iter 252 | num_iter 16128 | loss: 0.543126, ss: 10 | accuracy 0.88, ss: 24 | time_cost(s): 261.063
[INFO][2017-04-16 03:56:42] batch_iter 253 | num_iter 16192 | loss: 0.0739067, ss: 0 | accuracy 0.99, ss: 0 | time_cost(s): 261.317
[INFO][2017-04-16 03:56:42] Small Loss, Training Done!
[INFO][2017-04-16 03:56:42] Model path is ../model/mcn_14k_c30_fcnn_model/video2vec_fcnn.cpkt-16192
[INFO][2017-04-16 03:56:42] Total time cost: 18:21:27
